<?xml version="1.0" encoding="UTF-8"?>
<!-- Generated by org.testng.reporters.JUnitReportReporter -->
<testsuite hostname="DESKTOP-MIA0C65" failures="0" tests="4" name="com.test.classes.SearchCourseTest" time="16.244" errors="0" timestamp="2021-07-27T18:14:14 IST" skipped="0">
  <testcase classname="com.test.classes.SearchCourseTest" name="enterCourseTest" time="4.188"/>
  <system-out/>
  <testcase classname="com.test.classes.SearchCourseTest" name="selectLevelTest" time="0.222"/>
  <system-out/>
  <testcase classname="com.test.classes.SearchCourseTest" name="checkFirstCourse" time="4.728"/>
  <system-out/>
  <testcase classname="com.test.classes.SearchCourseTest" name="checkSecondCourse" time="7.106"/>
  <system-out/>
</testsuite> <!-- com.test.classes.SearchCourseTest -->
