<?xml version="1.0" encoding="UTF-8"?>
<!-- Generated by org.testng.reporters.JUnitReportReporter -->
<testsuite hostname="DESKTOP-MIA0C65" failures="0" tests="4" name="com.test.classes.FillingFormTest" time="23.596" errors="0" timestamp="2021-07-27T18:14:14 IST" skipped="0">
  <testcase classname="com.test.classes.FillingFormTest" name="clickForEnterpriseTest" time="8.856"/>
  <system-out/>
  <testcase classname="com.test.classes.FillingFormTest" name="openFormTest" time="0.332"/>
  <system-out/>
  <testcase classname="com.test.classes.FillingFormTest" name="getDetailsTest" time="1.157"/>
  <system-out/>
  <testcase classname="com.test.classes.FillingFormTest" name="setDetailsTest" time="13.251"/>
  <system-out/>
</testsuite> <!-- com.test.classes.FillingFormTest -->
