<?xml version="1.0" encoding="UTF-8"?>
<!-- Generated by org.testng.reporters.JUnitReportReporter -->
<testsuite hostname="DESKTOP-MIA0C65" failures="0" tests="3" name="com.test.classes.LanguageLearningTest" time="12.575" errors="0" timestamp="2021-07-27T18:42:54 IST" skipped="0">
  <testcase classname="com.test.classes.LanguageLearningTest" name="searchLanguageCourseTest" time="5.518"/>
  <system-out/>
  <testcase classname="com.test.classes.LanguageLearningTest" name="languageSelectTest" time="2.470"/>
  <system-out>
English
(1527)
Spanish
(802)
Russian
(788)
French
(731)
Portuguese (Portugal)
(673)
Arabic
(594)
German
(589)
Vietnamese
(586)
Italian
(559)
Chinese (China)
(168)
Korean
(154)
Portuguese (Brazil)
(75)
Japanese
(69)
Turkish
(67)
Persian
(47)
Chinese (Traditional)
(43)
Greek
(24)
Ukrainian
(20)
Thai
(17)
Portuguese
(16)
Hindi
(14)
Dutch
(13)
Afrikaans
(12)
Urdu
(12)
Hungarian
(10)
Catalan
(9)
Javanese
(8)
Hebrew
(7)
Indonesian
(7)
Polish
(7)
Mongolian
(6)
Romanian
(6)
Slovak
(6)
Tamil
(5)
Czech
(4)
Serbian
(4)
Albanian
(3)
Bengali
(3)
Georgian
(3)
Swedish
(3)
Telugu
(3)
Burmese
(2)
Croatian
(2)
Estonian
(2)
Lithuanian
(2)
Uzbek
(2)
Bulgarian
(1)
Kazakh
(1)
Marathi
(1)
Nepali
(1)
Russian (Russia)
(1)  </system-out>
  <testcase classname="com.test.classes.LanguageLearningTest" name="levelSelectTest" time="4.587"/>
  <system-out/>
</testsuite> <!-- com.test.classes.LanguageLearningTest -->
