<?xml version="1.0" encoding="UTF-8"?>
<!-- Generated by org.testng.reporters.JUnitReportReporter -->
<testsuite hostname="DESKTOP-MIA0C65" failures="0" tests="4" name="com.test.classes.SearchCourseTest" time="17.184" errors="0" timestamp="2021-07-27T18:42:54 IST" skipped="0">
  <testcase classname="com.test.classes.SearchCourseTest" name="enterCourseTest" time="3.899"/>
  <system-out/>
  <testcase classname="com.test.classes.SearchCourseTest" name="selectLevelTest" time="0.252"/>
  <system-out/>
  <testcase classname="com.test.classes.SearchCourseTest" name="checkFirstCourse" time="5.525"/>
  <system-out/>
  <testcase classname="com.test.classes.SearchCourseTest" name="checkSecondCourse" time="7.508"/>
  <system-out/>
</testsuite> <!-- com.test.classes.SearchCourseTest -->
